{
  "RSpec": {
    "coverage": {
      "/Users/adamsnow/OneDrive/MacBook/Coding/work_projects/factory_settings/spec/client_spec.rb": [
        1,
        null,
        1,
        null,
        1,
        1,
        1,
        null,
        null,
        1,
        1,
        1,
        null,
        null,
        2,
        2,
        null,
        null,
        null,
        null
      ],
      "/Users/adamsnow/OneDrive/MacBook/Coding/work_projects/factory_settings/spec/costcode_spec.rb": [
        1,
        null,
        1,
        null,
        1,
        1,
        1,
        null,
        null,
        2,
        2,
        null,
        null,
        null
      ],
      "/Users/adamsnow/OneDrive/MacBook/Coding/work_projects/factory_settings/spec/element_spec.rb": [
        1,
        null,
        1,
        null,
        1,
        1,
        1,
        null,
        null,
        2,
        2,
        2,
        2,
        2,
        2,
        null,
        null,
        null,
        null
      ],
      "/Users/adamsnow/OneDrive/MacBook/Coding/work_projects/factory_settings/spec/project_spec.rb": [
        1,
        null,
        1,
        null,
        1,
        1,
        1,
        null,
        null,
        1,
        1,
        1,
        null,
        null,
        1,
        1,
        1,
        null,
        null,
        2,
        2,
        2,
        2,
        null,
        null,
        null,
        null
      ],
      "/Users/adamsnow/OneDrive/MacBook/Coding/work_projects/factory_settings/spec/user_spec.rb": [
        null,
        1,
        null,
        1,
        null,
        1,
        1,
        1,
        null,
        null,
        1,
        1,
        1,
        null,
        null,
        1,
        1,
        1,
        null,
        null,
        2,
        null,
        2,
        null,
        2,
        null,
        null,
        null,
        1,
        null,
        1,
        1,
        1,
        null,
        null,
        1,
        1,
        1,
        null,
        null,
        null
      ]
    },
    "timestamp": 1517311086
  }
}
